<?xml version="1.0" encoding="UTF-8"?>
<!-- Generated by org.testng.reporters.JUnitReportReporter -->
<testsuite hostname="DESKTOP-43IAGJ9" failures="0" tests="6" name="testNgPractice.Day3" time="0.010" errors="0" timestamp="2023-11-22T17:35:20 IST" skipped="0">
  <testcase classname="testNgPractice.Day3" name="webLoginCarLoan" time="0.001"/>
  <system-out/>
  <testcase classname="testNgPractice.Day3" name="mobileSignOutCarLoan" time="0.001"/>
  <system-out/>
  <testcase classname="testNgPractice.Day3" name="mobileLoginCarLoan" time="0.002"/>
  <system-out/>
  <testcase classname="testNgPractice.Day3" name="mobileSignOutCarLoan" time="0.002"/>
  <system-out/>
  <testcase classname="testNgPractice.Day3" name="mobileSigninCarLoan" time="0.002"/>
  <system-out/>
  <testcase classname="testNgPractice.Day3" name="mobileSignOutCarLoan" time="0.002"/>
  <system-out/>
</testsuite> <!-- testNgPractice.Day3 -->
