<?xml version="1.0" encoding="UTF-8"?>
<!-- Generated by org.testng.reporters.JUnitReportReporter -->
<testsuite hostname="DESKTOP-43IAGJ9" failures="0" tests="3" name="testNgPracticeDuplicate.Day4" time="0.004" errors="0" timestamp="2023-11-20T17:25:22 IST" skipped="0">
  <testcase classname="testNgPracticeDuplicate.Day4" name="apiLoginHomeLoan" time="0.002"/>
  <system-out/>
  <testcase classname="testNgPracticeDuplicate.Day4" name="webLoginHomeLoan" time="0.001"/>
  <system-out/>
  <testcase classname="testNgPracticeDuplicate.Day4" name="mobileLoginHomeLoan" time="0.001"/>
  <system-out/>
</testsuite> <!-- testNgPracticeDuplicate.Day4 -->
