<?xml version="1.0" encoding="UTF-8"?>
<!-- Generated by org.testng.reporters.JUnitReportReporter -->
<testsuite hostname="DESKTOP-43IAGJ9" failures="0" tests="2" name="testNgPracticeDuplicate.Day1" time="0.012" errors="0" timestamp="2023-11-20T17:25:22 IST" skipped="0">
  <testcase classname="testNgPracticeDuplicate.Day1" name="demo" time="0.011"/>
  <system-out/>
  <testcase classname="testNgPracticeDuplicate.Day1" name="test1" time="0.001"/>
  <system-out/>
</testsuite> <!-- testNgPracticeDuplicate.Day1 -->
