<?xml version="1.0" encoding="UTF-8"?>
<!-- Generated by org.testng.reporters.JUnitReportReporter -->
<testsuite hostname="DESKTOP-43IAGJ9" failures="0" tests="5" name="testNgPracticeDuplicate.Day3" time="0.008" errors="0" timestamp="2023-11-20T17:25:22 IST" skipped="0">
  <testcase classname="testNgPracticeDuplicate.Day3" name="webLoginCarLoan" time="0.002"/>
  <system-out/>
  <testcase classname="testNgPracticeDuplicate.Day3" name="apiLoginCarLoan" time="0.002"/>
  <system-out/>
  <testcase classname="testNgPracticeDuplicate.Day3" name="mobileSignOutCarLoan" time="0.001"/>
  <system-out/>
  <testcase classname="testNgPracticeDuplicate.Day3" name="mobileSigninCarLoan" time="0.001"/>
  <system-out/>
  <testcase classname="testNgPracticeDuplicate.Day3" name="mobileLoginCarLoan" time="0.002"/>
  <system-out/>
</testsuite> <!-- testNgPracticeDuplicate.Day3 -->
