<?xml version="1.0" encoding="UTF-8"?>
<!-- Generated by org.testng.reporters.JUnitReportReporter -->
<testsuite hostname="DESKTOP-43IAGJ9" failures="0" tests="1" name="testNgPractice.Day5" time="9.921" errors="0" timestamp="2023-11-28T21:26:50 IST" skipped="0">
  <testcase classname="testNgPractice.Day5" name="test" time="9.921"/>
  <system-out/>
</testsuite> <!-- testNgPractice.Day5 -->
