<?xml version="1.0" encoding="UTF-8"?>
<!-- Generated by org.testng.reporters.JUnitReportReporter -->
<testsuite hostname="DESKTOP-43IAGJ9" failures="0" tests="1" name="testNgPractice.Day2" time="0.004" errors="0" timestamp="2023-11-22T17:35:20 IST" skipped="0">
  <testcase classname="testNgPractice.Day2" name="pLoan" time="0.004"/>
  <system-out/>
</testsuite> <!-- testNgPractice.Day2 -->
