<?xml version="1.0" encoding="UTF-8"?>
<!-- Generated by org.testng.reporters.JUnitReportReporter -->
<testsuite hostname="DESKTOP-43IAGJ9" failures="0" tests="2" name="testNgPractice.Day1" time="0.014" errors="0" timestamp="2023-11-24T15:37:48 IST" skipped="0">
  <testcase classname="testNgPractice.Day1" name="demo" time="0.011"/>
  <system-out/>
  <testcase classname="testNgPractice.Day1" name="test1" time="0.003"/>
  <system-out/>
</testsuite> <!-- testNgPractice.Day1 -->
