<?xml version="1.0" encoding="UTF-8"?>
<!-- Generated by org.testng.reporters.JUnitReportReporter -->
<testsuite hostname="DESKTOP-43IAGJ9" failures="0" tests="1" name="testNgPracticeDuplicate.Day2" time="0.001" errors="0" timestamp="2023-11-20T17:25:22 IST" skipped="0">
  <testcase classname="testNgPracticeDuplicate.Day2" name="pLoan" time="0.001"/>
  <system-out/>
</testsuite> <!-- testNgPracticeDuplicate.Day2 -->
